<?xml version="1.0" encoding="UTF-8"?>
<!-- Generated by org.testng.reporters.JUnitReportReporter -->
<testsuite hostname="MTPL-6845.local" failures="0" tests="1" name="api.tests.AddNewObjectTest" time="4.876" errors="0" timestamp="2024-04-29T02:06:32 IST" skipped="0">
  <testcase classname="api.tests.AddNewObjectTest" name="addNewObject" time="4.876"/>
  <system-out/>
</testsuite> <!-- api.tests.AddNewObjectTest -->
