<?xml version="1.0" encoding="UTF-8"?>
<!-- Generated by org.testng.reporters.JUnitReportReporter -->
<testsuite hostname="MTPL-6845.local" failures="0" tests="1" name="api.tests.GetAllObjectsTest" time="3.185" errors="0" timestamp="2024-04-29T01:51:41 IST" skipped="0">
  <testcase classname="api.tests.GetAllObjectsTest" name="getAllObjects" time="3.185"/>
  <system-out/>
</testsuite> <!-- api.tests.GetAllObjectsTest -->
