<?xml version="1.0" encoding="UTF-8"?>
<!-- Generated by org.testng.reporters.JUnitReportReporter -->
<testsuite hostname="MTPL-6845.local" failures="0" tests="1" name="api.tests.DeleteObjectTest" time="4.754" errors="0" timestamp="2024-04-29T01:19:38 IST" skipped="0">
  <testcase classname="api.tests.DeleteObjectTest" name="deleteObject" time="4.754"/>
  <system-out/>
</testsuite> <!-- api.tests.DeleteObjectTest -->
